app/build/intermediates/manifest_merge_blame_file/debug/manifest-merger-blame-debug-report.txt
1<?xml version="1.0" encoding="utf-8"?>
2<manifest xmlns:android="http://schemas.android.com/apk/res/android"
3    package="com.example.servicedelautomotor"
4    android:versionCode="1"
5    android:versionName="1.0" >
6
7    <uses-sdk
8        android:minSdkVersion="24"
9        android:targetSdkVersion="33" />
10
11    <permission
11-->[androidx.core:core:1.9.0] AndroidManifest.xml:22:5-24:47
12        android:name="com.example.servicedelautomotor.DYNAMIC_RECEIVER_NOT_EXPORTED_PERMISSION"
12-->[androidx.core:core:1.9.0] AndroidManifest.xml:23:9-81
13        android:protectionLevel="signature" />
13-->[androidx.core:core:1.9.0] AndroidManifest.xml:24:9-44
14
15    <uses-permission android:name="com.example.servicedelautomotor.DYNAMIC_RECEIVER_NOT_EXPORTED_PERMISSION" />
15-->[androidx.core:core:1.9.0] AndroidManifest.xml:26:5-97
15-->[androidx.core:core:1.9.0] AndroidManifest.xml:26:22-94
16
17    <application
17-->src\main\AndroidManifest.xml:5:5-64:19
18        android:allowBackup="true"
18-->src\main\AndroidManifest.xml:6:9-35
19        android:appComponentFactory="androidx.core.app.CoreComponentFactory"
19-->[androidx.core:core:1.9.0] AndroidManifest.xml:28:18-86
20        android:dataExtractionRules="@xml/data_extraction_rules"
20-->src\main\AndroidManifest.xml:7:9-65
21        android:debuggable="true"
22        android:extractNativeLibs="false"
23        android:fullBackupContent="@xml/backup_rules"
23-->src\main\AndroidManifest.xml:8:9-54
24        android:icon="@mipmap/ic_launcher"
24-->src\main\AndroidManifest.xml:9:9-43
25        android:label="@string/app_name"
25-->src\main\AndroidManifest.xml:10:9-41
26        android:roundIcon="@mipmap/ic_launcher_round"
26-->src\main\AndroidManifest.xml:11:9-54
27        android:supportsRtl="true"
27-->src\main\AndroidManifest.xml:12:9-35
28        android:theme="@style/Theme.ServiceDelAutomotor" >
28-->src\main\AndroidManifest.xml:13:9-57
29        <activity
29-->src\main\AndroidManifest.xml:15:9-17:40
30            android:name="com.example.servicedelautomotor.Contacto"
30-->src\main\AndroidManifest.xml:16:13-37
31            android:exported="false" />
31-->src\main\AndroidManifest.xml:17:13-37
32        <activity
32-->src\main\AndroidManifest.xml:18:9-20:40
33            android:name="com.example.servicedelautomotor.Register"
33-->src\main\AndroidManifest.xml:19:13-37
34            android:exported="false" />
34-->src\main\AndroidManifest.xml:20:13-37
35        <activity
35-->src\main\AndroidManifest.xml:21:9-23:40
36            android:name="com.example.servicedelautomotor.Iniciar_sesion"
36-->src\main\AndroidManifest.xml:22:13-43
37            android:exported="false" />
37-->src\main\AndroidManifest.xml:23:13-37
38        <activity
38-->src\main\AndroidManifest.xml:24:9-31:20
39            android:name="com.example.servicedelautomotor.SelectSiniestro"
39-->src\main\AndroidManifest.xml:25:13-44
40            android:exported="false"
40-->src\main\AndroidManifest.xml:26:13-37
41            android:parentActivityName="com.example.servicedelautomotor.MainActivity" >
41-->src\main\AndroidManifest.xml:27:13-55
42            <meta-data
42-->src\main\AndroidManifest.xml:28:13-30:49
43                android:name="android.support.PARENT_ACTIVITY"
43-->src\main\AndroidManifest.xml:29:17-63
44                android:value=".MainActivity" />
44-->src\main\AndroidManifest.xml:30:17-46
45        </activity>
46        <activity
46-->src\main\AndroidManifest.xml:32:9-39:20
47            android:name="com.example.servicedelautomotor.activity_confirma_ayuda"
47-->src\main\AndroidManifest.xml:33:13-52
48            android:exported="false"
48-->src\main\AndroidManifest.xml:34:13-37
49            android:parentActivityName="com.example.servicedelautomotor.MainActivity" >
49-->src\main\AndroidManifest.xml:35:13-55
50            <meta-data
50-->src\main\AndroidManifest.xml:28:13-30:49
51                android:name="android.support.PARENT_ACTIVITY"
51-->src\main\AndroidManifest.xml:29:17-63
52                android:value=".MainActivity" />
52-->src\main\AndroidManifest.xml:30:17-46
53        </activity>
54        <activity
54-->src\main\AndroidManifest.xml:40:9-47:20
55            android:name="com.example.servicedelautomotor.SiniestrosActivity"
55-->src\main\AndroidManifest.xml:41:13-47
56            android:exported="false"
56-->src\main\AndroidManifest.xml:42:13-37
57            android:parentActivityName="com.example.servicedelautomotor.MainActivity" >
57-->src\main\AndroidManifest.xml:43:13-55
58            <meta-data
58-->src\main\AndroidManifest.xml:28:13-30:49
59                android:name="android.support.PARENT_ACTIVITY"
59-->src\main\AndroidManifest.xml:29:17-63
60                android:value=".MainActivity" />
60-->src\main\AndroidManifest.xml:30:17-46
61        </activity>
62        <activity
62-->src\main\AndroidManifest.xml:48:9-54:20
63            android:name="com.example.servicedelautomotor.Dashboard"
63-->src\main\AndroidManifest.xml:49:13-38
64            android:parentActivityName="com.example.servicedelautomotor.MainActivity" >
64-->src\main\AndroidManifest.xml:50:13-55
65            <meta-data
65-->src\main\AndroidManifest.xml:28:13-30:49
66                android:name="android.support.PARENT_ACTIVITY"
66-->src\main\AndroidManifest.xml:29:17-63
67                android:value=".MainActivity" />
67-->src\main\AndroidManifest.xml:30:17-46
68        </activity>
69        <activity
69-->src\main\AndroidManifest.xml:55:9-63:20
70            android:name="com.example.servicedelautomotor.MainActivity"
70-->src\main\AndroidManifest.xml:56:13-41
71            android:exported="true" >
71-->src\main\AndroidManifest.xml:57:13-36
72            <intent-filter>
72-->src\main\AndroidManifest.xml:58:13-62:29
73                <action android:name="android.intent.action.MAIN" />
73-->src\main\AndroidManifest.xml:59:17-69
73-->src\main\AndroidManifest.xml:59:25-66
74
75                <category android:name="android.intent.category.LAUNCHER" />
75-->src\main\AndroidManifest.xml:61:17-77
75-->src\main\AndroidManifest.xml:61:27-74
76            </intent-filter>
77        </activity>
78
79        <provider
79-->[androidx.emoji2:emoji2:1.2.0] AndroidManifest.xml:24:9-32:20
80            android:name="androidx.startup.InitializationProvider"
80-->[androidx.emoji2:emoji2:1.2.0] AndroidManifest.xml:25:13-67
81            android:authorities="com.example.servicedelautomotor.androidx-startup"
81-->[androidx.emoji2:emoji2:1.2.0] AndroidManifest.xml:26:13-68
82            android:exported="false" >
82-->[androidx.emoji2:emoji2:1.2.0] AndroidManifest.xml:27:13-37
83            <meta-data
83-->[androidx.emoji2:emoji2:1.2.0] AndroidManifest.xml:29:13-31:52
84                android:name="androidx.emoji2.text.EmojiCompatInitializer"
84-->[androidx.emoji2:emoji2:1.2.0] AndroidManifest.xml:30:17-75
85                android:value="androidx.startup" />
85-->[androidx.emoji2:emoji2:1.2.0] AndroidManifest.xml:31:17-49
86            <meta-data
86-->[androidx.lifecycle:lifecycle-process:2.4.1] AndroidManifest.xml:31:13-33:52
87                android:name="androidx.lifecycle.ProcessLifecycleInitializer"
87-->[androidx.lifecycle:lifecycle-process:2.4.1] AndroidManifest.xml:32:17-78
88                android:value="androidx.startup" />
88-->[androidx.lifecycle:lifecycle-process:2.4.1] AndroidManifest.xml:33:17-49
89        </provider>
90    </application>
91
92</manifest>